<?xml version="1.0" encoding="UTF-8"?>
<!-- Generated by org.testng.reporters.JUnitReportReporter -->
<testsuite hostname="Testriq-20s-MacBook-Pro.local" failures="0" tests="1" name="co.ecubix.site.login.QRScanning" time="1.836" errors="0" timestamp="2025-03-17T11:47:32 IST" skipped="0">
  <testcase classname="co.ecubix.site.login.QRScanning" name="pushQRintodevice" time="1.836"/>
</testsuite> <!-- co.ecubix.site.login.QRScanning -->
