<?xml version="1.0" encoding="UTF-8"?>
<!-- Generated by org.testng.reporters.JUnitReportReporter -->
<testsuite hostname="Testriq-20s-MacBook-Pro.local" failures="0" tests="4" name="co.ecubix.site.login.QRScanningThroughPNG" time="57.880" errors="0" timestamp="2025-03-12T13:51:09 IST" skipped="0">
  <testcase classname="co.ecubix.site.login.QRScanningThroughPNG" name="readQRFromPDF" time="0.270"/>
  <testcase classname="co.ecubix.site.login.QRScanningThroughPNG" name="openQRdataAndExtractSerialNumber" time="4.874"/>
  <testcase classname="co.ecubix.site.login.QRScanningThroughPNG" name="openApplicationAndLogin" time="33.221"/>
  <testcase classname="co.ecubix.site.login.QRScanningThroughPNG" name="enterSerialNumber" time="19.515"/>
</testsuite> <!-- co.ecubix.site.login.QRScanningThroughPNG -->
