<?xml version="1.0" encoding="UTF-8"?>
<!-- Generated by org.testng.reporters.JUnitReportReporter -->
<testsuite hostname="Testriq-20s-MacBook-Pro.local" failures="0" tests="1" name="co.ecubix.site.login.DownloadDirectoryTest" time="21.810" errors="0" timestamp="2025-04-10T16:33:05 IST" skipped="0">
  <testcase classname="co.ecubix.site.login.DownloadDirectoryTest" name="downloadFile" time="21.810"/>
</testsuite> <!-- co.ecubix.site.login.DownloadDirectoryTest -->
