<?xml version="1.0" encoding="UTF-8"?>
<!-- Generated by org.testng.reporters.JUnitReportReporter -->
<testsuite hostname="Testriq-20s-MacBook-Pro.local" failures="0" tests="1" name="co.ecubix.site.login.loginTest" time="1.173" errors="0" timestamp="2025-03-20T15:35:19 IST" skipped="0">
  <testcase classname="co.ecubix.site.login.loginTest" name="printingExcelValues" time="1.173"/>
</testsuite> <!-- co.ecubix.site.login.loginTest -->
