<?xml version="1.0" encoding="UTF-8"?>
<!-- Generated by org.testng.reporters.JUnitReportReporter -->
<testsuite hostname="Testriq-20s-MacBook-Pro.local" failures="0" tests="1" name="co.ecubix.site.login.PDF_PNG_QR" time="2.104" errors="0" timestamp="2025-03-26T15:29:45 IST" skipped="0">
  <testcase classname="co.ecubix.site.login.PDF_PNG_QR" name="readQRFromPDF" time="2.104"/>
</testsuite> <!-- co.ecubix.site.login.PDF_PNG_QR -->
