<?xml version="1.0" encoding="UTF-8"?>
<!-- Generated by org.testng.reporters.JUnitReportReporter -->
<testsuite hostname="Testriq-20s-MacBook-Pro.local" failures="0" tests="2" name="project_ecubix.Test_CustomerToBusinessGeoMapping" time="9.209" errors="0" timestamp="2025-05-04T17:10:39 IST" skipped="0">
  <testcase classname="project_ecubix.Test_CustomerToBusinessGeoMapping" name="test_CustormerCreationAndUserCreation" time="9.208"/>
  <testcase classname="project_ecubix.Test_CustomerToBusinessGeoMapping" name="test" time="0.001"/>
</testsuite> <!-- project_ecubix.Test_CustomerToBusinessGeoMapping -->
