<?xml version="1.0" encoding="UTF-8"?>
<!-- Generated by org.testng.reporters.JUnitReportReporter -->
<testsuite hostname="Testriq-20s-MacBook-Pro.local" failures="0" tests="1" name="project_ecubix.Test_CustomerToBusinessGeoMapping" time="12.802" errors="0" timestamp="2025-05-04T14:30:48 IST" skipped="0">
  <testcase classname="project_ecubix.Test_CustomerToBusinessGeoMapping" name="test_CustormerCreationAndUserCreation" time="12.802"/>
</testsuite> <!-- project_ecubix.Test_CustomerToBusinessGeoMapping -->
