<?xml version="1.0" encoding="UTF-8"?>
<!-- Generated by org.testng.reporters.JUnitReportReporter -->
<testsuite hostname="Testriq-20s-MacBook-Pro.local" failures="0" tests="1" name="project_ecubix.Test_ArticleCreation" time="25.854" errors="0" timestamp="2025-05-04T17:10:39 IST" skipped="0">
  <testcase classname="project_ecubix.Test_ArticleCreation" name="test_ArticleCreation" time="25.854"/>
</testsuite> <!-- project_ecubix.Test_ArticleCreation -->
